<?xml version="1.0" encoding="UTF-8"?>
<!-- Generated by org.testng.reporters.JUnitXMLReporter -->
<testsuite hostname="DESKTOP-3R73L8V" ignored="3" name="nopCommerceTests" tests="2" failures="0" timestamp="2020-12-01T20:28:43 IST" time="43.664" errors="0">
  <testcase name="loginTest" time="11.716" classname="com.nopcommerce.testCases.TC_LoginTest_001"/>
  <testcase name="searchCustomerbyEmail" time="15.026" classname="com.nopcommerce.testCases.TC_SearchCustomerByEmail_004"/>
  <testcase name="addNewCustomer" time="0.0" classname="com.nopcommerce.testCases.TC_AddCustomerTest_003">
    <ignored/>
  </testcase> <!-- addNewCustomer -->
  <testcase name="loginTest" time="0.0" classname="com.nopcommerce.testCases.TC_LoginDDT_002">
    <ignored/>
  </testcase> <!-- loginTest -->
  <testcase name="searchCustomerbyName" time="0.0" classname="com.nopcommerce.testCases.TC_SearchCustomerByName_005">
    <ignored/>
  </testcase> <!-- searchCustomerbyName -->
</testsuite> <!-- nopCommerceTests -->
